==> Ensure editable ASC draft version
==> Add missing version localizations on draft (from fastlane + supported list)
App: 6762074561 (com.jackwallner.headachelogger)
Version: 1.4.0 (PREPARE_FOR_SUBMISSION)
Existing appInfo locales: 39
Existing version locales: 40

bn-BD:
  skip appInfoLocalization bn-BD (API locked — deliver upload may enable)

gu-IN:
  skip appInfoLocalization gu-IN (API locked — deliver upload may enable)
  created appStoreVersionLocalization gu-IN

kn-IN:
  skip appInfoLocalization kn-IN (API locked — deliver upload may enable)
  created appStoreVersionLocalization kn-IN

ml-IN:
  skip appInfoLocalization ml-IN (API locked — deliver upload may enable)
  created appStoreVersionLocalization ml-IN

mr-IN:
  skip appInfoLocalization mr-IN (API locked — deliver upload may enable)
  created appStoreVersionLocalization mr-IN

or-IN:
  skip appInfoLocalization or-IN (API locked — deliver upload may enable)
  created appStoreVersionLocalization or-IN

pa-IN:
  skip appInfoLocalization pa-IN (API locked — deliver upload may enable)
  created appStoreVersionLocalization pa-IN

sl-SI:
  skip appInfoLocalization sl-SI (API locked — deliver upload may enable)
  created appStoreVersionLocalization sl-SI

ta-IN:
  skip appInfoLocalization ta-IN (API locked — deliver upload may enable)
  created appStoreVersionLocalization ta-IN

te-IN:
  skip appInfoLocalization te-IN (API locked — deliver upload may enable)
  created appStoreVersionLocalization te-IN

ur-PK:
  skip appInfoLocalization ur-PK (API locked — deliver upload may enable)
  created appStoreVersionLocalization ur-PK

Done. Processed 11 missing locale(s).
Next: ASC_APP_VERSION=<ver> ./scripts/pull-appstore-metadata.sh
==> Upload keywords/descriptions to draft
Uploading to version 1.4.0 (PREPARE_FOR_SUBMISSION)
ar-SA: ok
bn-BD: ok
ca: ok
cs: ok
da: ok
de-DE: ok
el: ok
en-AU: ok
en-CA: ok
en-GB: ok
en-US: ok
es-ES: ok
es-MX: ok
fi: ok
fr-CA: ok
fr-FR: ok
gu-IN: ok
he: ok
hi: ok
hr: ok
hu: ok
id: ok
it: ok
ja: ok
kn-IN: ok
ko: ok
ml-IN: ok
mr-IN: ok
ms: ok
nl-NL: ok
no: ok
or-IN: ok
pa-IN: ok
pl: ok
pt-BR: ok
pt-PT: ok
ro: ok
ru: ok
sk: ok
sl-SI: ok
sv: ok
ta-IN: ok
te-IN: ok
th: ok
tr: ok
uk: ok
ur-PK: ok
vi: ok
zh-Hans: ok
zh-Hant: ok

Patched 50 locale(s); created 0 new version localization(s).
Draft: 1.4.0 · Live: 1.3.0
appInfo name/subtitle: not updated (Apple locks while app is distributed).
==> Done. Draft version: 1.4.0 (see scripts/.asc-state.json)
    Submit this version with a build in App Store Connect to ship metadata.
    appInfo name/subtitle + new appInfo locales: add in ASC UI or fastlane >=2.234 deliver.
