
==> ae (UAE) locales=[ar-SA, en-GB, en-US] — 45 kw
    added ~45 new (0 existing)

==> al (Albania) locales=[en-GB, en-US] — 26 kw
    added ~26 new (0 existing)

==> am (Armenia) locales=[ru, en-GB, en-US] — 43 kw
    added ~0 new (43 existing)

==> ar (Argentina) locales=[es-ES, es-MX, en-US] — 41 kw
    added ~0 new (41 existing)

==> at (Austria) locales=[de-DE, en-US] — 38 kw
    added ~0 new (38 existing)

==> au (Australia) locales=[en-AU, en-US] — 26 kw
    added ~0 new (36 existing)

==> az (Azerbaijan) locales=[tr, ru, en-US] — 45 kw
    added ~0 new (45 existing)

==> be (Belgium) locales=[fr-FR, nl-NL, de-DE, en-US] — 45 kw
    added ~0 new (45 existing)

==> bg (Bulgaria) locales=[en-GB, en-US] — 26 kw
    added ~0 new (26 existing)

==> bh (Bahrain) locales=[ar-SA, en-US] — 45 kw
    added ~0 new (45 existing)

==> bo (Bolivia) locales=[es-ES, es-MX, en-US] — 41 kw
    added ~0 new (41 existing)

==> br (Brazil) locales=[pt-BR, en-US] — 38 kw
    added ~0 new (45 existing)

==> ca (Canada) locales=[en-CA, fr-CA, en-US] — 40 kw
    added ~0 new (55 existing)

==> ch (Switzerland) locales=[de-DE, fr-FR, it, en-US] — 45 kw
    added ~0 new (45 existing)

==> cl (Chile) locales=[es-ES, es-MX, en-US] — 41 kw
    added ~0 new (41 existing)

==> cn (China mainland) locales=[zh-Hans, en-US] — 40 kw
    added ~0 new (46 existing)

==> co (Colombia) locales=[es-ES, es-MX, en-US] — 41 kw
    added ~0 new (41 existing)

==> cr (Costa Rica) locales=[es-ES, es-MX, en-US] — 41 kw
    added ~0 new (41 existing)

==> cy (Cyprus) locales=[el, en-GB, en-US] — 41 kw
    added ~0 new (41 existing)

==> cz (Czech Republic) locales=[cs, en-US] — 40 kw
    added ~0 new (45 existing)

==> de (Germany) locales=[de-DE, en-US] — 38 kw
    added ~0 new (44 existing)

==> dk (Denmark) locales=[da, en-US] — 38 kw
    added ~0 new (42 existing)

==> do (Dominican Republic) locales=[es-ES, es-MX, en-US] — 41 kw
    added ~0 new (41 existing)

==> dz (Algeria) locales=[fr-FR, ar-SA, en-US] — 45 kw
    added ~0 new (45 existing)

==> ec (Ecuador) locales=[es-ES, es-MX, en-US] — 41 kw
    added ~0 new (41 existing)

==> ee (Estonia) locales=[en-GB, en-US] — 26 kw
    added ~0 new (26 existing)

==> eg (Egypt) locales=[ar-SA, en-GB, en-US] — 45 kw
    added ~0 new (45 existing)

==> es (Spain) locales=[es-ES, ca, en-US] — 45 kw
    added ~0 new (60 existing)

==> fi (Finland) locales=[fi, en-US] — 37 kw
    added ~0 new (44 existing)

==> fr (France) locales=[fr-FR, en-US] — 37 kw
    added ~0 new (46 existing)

==> gb (UK) locales=[en-GB, en-US] — 26 kw
    added ~0 new (36 existing)

==> gh (Ghana) locales=[en-GB, en-US] — 26 kw
    added ~0 new (26 existing)

==> gr (Greece) locales=[el, en-US] — 39 kw
    added ~0 new (47 existing)

==> gt (Guatemala) locales=[es-ES, es-MX, en-US] — 41 kw
    added ~0 new (41 existing)

==> hk (Hong Kong) locales=[zh-Hant, en-GB, en-US] — 42 kw
    added ~0 new (42 existing)

==> hn (Honduras) locales=[es-ES, es-MX, en-US] — 41 kw
    added ~0 new (41 existing)

==> hr (Croatia) locales=[hr, en-US] — 40 kw
    added ~0 new (46 existing)

==> hu (Hungary) locales=[hu, en-US] — 36 kw
    added ~0 new (41 existing)

==> id (Indonesia) locales=[id, en-US] — 43 kw
    added ~0 new (49 existing)

==> ie (Ireland) locales=[en-GB, en-US] — 26 kw
    added ~0 new (26 existing)

==> il (Israel) locales=[he, en-GB, en-US] — 45 kw
    added ~0 new (53 existing)

==> in (India) locales=[hi, en-GB, en-US] — 42 kw
    added ~0 new (49 existing)

==> iq (Iraq) locales=[ar-SA, en-US] — 45 kw
    added ~0 new (45 existing)

==> is (Iceland) locales=[en-GB, en-US] — 26 kw
    added ~0 new (26 existing)

==> it (Italy) locales=[it, en-US] — 37 kw
    added ~0 new (46 existing)

==> jo (Jordan) locales=[ar-SA, en-US] — 45 kw
    added ~0 new (45 existing)

==> jp (Japan) locales=[ja, en-US] — 40 kw
    added ~23 new (24 existing)

==> ke (Kenya) locales=[en-GB, en-US] — 26 kw
    added ~26 new (0 existing)

==> kg (Kyrgyzstan) locales=[ru, en-US] — 41 kw
    added ~41 new (0 existing)

==> kh (Cambodia) locales=[en-US, th] — 41 kw
    added ~41 new (0 existing)

==> kr (South Korea) locales=[ko, en-US] — 40 kw
    added ~33 new (16 existing)

==> kw (Kuwait) locales=[ar-SA, en-US] — 45 kw
    added ~45 new (0 existing)

==> kz (Kazakhstan) locales=[ru, en-US] — 41 kw
    added ~41 new (0 existing)

==> lb (Lebanon) locales=[ar-SA, fr-FR, en-US] — 45 kw
    added ~45 new (0 existing)

==> lk (Sri Lanka) locales=[en-GB, en-US] — 26 kw
    added ~26 new (0 existing)

==> lu (Luxembourg) locales=[fr-FR, de-DE, en-US] — 45 kw
    added ~45 new (0 existing)

==> lv (Latvia) locales=[en-GB, en-US] — 26 kw
    added ~26 new (0 existing)

==> ma (Morocco) locales=[fr-FR, ar-SA, en-US] — 45 kw
    added ~45 new (0 existing)

==> mn (Mongolia) locales=[en-US] — 24 kw
    added ~24 new (0 existing)

==> mo (Macau) locales=[zh-Hant, en-US] — 40 kw
    added ~40 new (0 existing)

==> mx (Mexico) locales=[es-MX, en-US] — 38 kw
    added ~29 new (19 existing)

==> my (Malaysia) locales=[ms, en-GB, en-US] — 44 kw
    added ~31 new (19 existing)

==> nl (Netherlands) locales=[nl-NL, en-US] — 36 kw
    added ~25 new (19 existing)

==> no (Norway) locales=[no, en-US] — 39 kw
    added ~24 new (22 existing)

==> np (Nepal) locales=[en-GB, en-US] — 26 kw
    added ~26 new (0 existing)

==> nz (New Zealand) locales=[en-AU, en-GB, en-US] — 26 kw
    added ~26 new (0 existing)

==> om (Oman) locales=[ar-SA, en-US] — 45 kw
    added ~45 new (0 existing)

==> pa (Panama) locales=[es-ES, es-MX, en-US] — 41 kw
    added ~41 new (0 existing)

==> pe (Peru) locales=[es-ES, es-MX, en-US] — 41 kw
    added ~41 new (0 existing)

==> ph (Philippines) locales=[en-US, en-GB] — 26 kw
    added ~26 new (0 existing)

==> pk (Pakistan) locales=[en-GB, en-US] — 26 kw
    added ~26 new (0 existing)

==> pl (Poland) locales=[pl, en-US] — 40 kw
    added ~29 new (19 existing)

==> pt (Portugal) locales=[pt-PT, en-US] — 39 kw
    added ~29 new (19 existing)

==> py (Paraguay) locales=[es-ES, es-MX, en-US] — 41 kw
    added ~41 new (0 existing)

==> qa (Qatar) locales=[ar-SA, en-US] — 45 kw
    added ~45 new (0 existing)

==> ro (Romania) locales=[ro, en-US] — 40 kw
    added ~23 new (21 existing)

==> ru (Russia) locales=[ru, en-US] — 41 kw
    added ~27 new (20 existing)

==> sa (Saudi Arabia) locales=[ar-SA, en-US] — 45 kw
    added ~31 new (22 existing)

==> se (Sweden) locales=[sv, en-US] — 36 kw
    added ~23 new (18 existing)

==> sg (Singapore) locales=[en-GB, en-US] — 26 kw
    added ~26 new (0 existing)

==> si (Slovenia) locales=[hr, it, en-US] — 45 kw
    added ~45 new (0 existing)

==> sk (Slovakia) locales=[sk, cs, en-US] — 45 kw
    added ~32 new (20 existing)

==> sv (El Salvador) locales=[es-ES, es-MX, en-US] — 41 kw
    added ~41 new (0 existing)

==> th (Thailand) locales=[th, en-US] — 41 kw
    added ~30 new (17 existing)

==> tr (Türkiye) locales=[tr, en-US] — 42 kw
    added ~30 new (21 existing)

==> tw (Taiwan) locales=[zh-Hant, en-US] — 40 kw
    added ~30 new (16 existing)

==> ua (Ukraine) locales=[uk, ru, en-US] — 45 kw
    added ~32 new (21 existing)

==> us (United States) locales=[en-US] — 45 kw
    added ~0 new (84 existing)

==> uz (Uzbekistan) locales=[ru, en-US] — 41 kw
    added ~41 new (0 existing)

==> vn (Vietnam) locales=[vi, en-US] — 40 kw
    added ~31 new (19 existing)

==> za (South Africa) locales=[en-GB, en-US] — 26 kw
    added ~26 new (0 existing)

Wrote /Users/jackwallner/headaches/scripts/astro-keywords-by-store/ (91 stores) — playbook: astro-global-aso-go-2026.md
